<?xml version="1.0" encoding="UTF-8"?>
<!-- Generated by org.testng.reporters.JUnitXMLReporter -->
<testsuite hostname="ATMECSINLT-002" ignored="0" name="Test2" tests="13" failures="4" timestamp="2019-09-12T18:25:16 IST" time="353.959" errors="0">
  <testcase name="HomePagebookingDetails" time="25.825" classname="com.yatra.testscript.BookingDetails"/>
  <testcase name="selectHotel" time="1.821" classname="com.yatra.testscript.BookingDetails"/>
  <testcase name="switchToNextTab" time="0.108" classname="com.yatra.testscript.BookingDetails"/>
  <testcase name="selectAndBookRoom" time="5.77" classname="com.yatra.testscript.BookingDetails"/>
  <testcase name="userDetails" time="4.06" classname="com.yatra.testscript.BookingDetails"/>
  <testcase name="paymentPage" time="309.171" classname="com.yatra.testscript.BookingDetails">
    <failure type="org.openqa.selenium.TimeoutException" message="timeout
  (Session info: chrome=76.0.3809.132)
Build info: version: &amp;apos;4.0.0-alpha-2&amp;apos;, revision: &amp;apos;f148142cf8&amp;apos;, time: &amp;apos;2019-07-01T20:55:26&amp;apos;
System info: host: &amp;apos;ATMECSINLT-002&amp;apos;, ip: &amp;apos;55.55.54.68&amp;apos;, os.name: &amp;apos;Windows 10&amp;apos;, os.arch: &amp;apos;amd64&amp;apos;, os.version: &amp;apos;10.0&amp;apos;, java.version: &amp;apos;1.8.0_221&amp;apos;
Driver info: org.openqa.selenium.chrome.ChromeDriver
Capabilities {acceptInsecureCerts: false, browserName: chrome, browserVersion: 76.0.3809.132, chrome: {chromedriverVersion: 76.0.3809.126 (d80a294506b4..., userDataDir: C:\Users\KISHOR~1.JOS\AppDa...}, goog:chromeOptions: {debuggerAddress: localhost:55285}, javascriptEnabled: true, networkConnectionEnabled: false, pageLoadStrategy: normal, platform: XP, platformName: XP, proxy: Proxy(), setWindowRect: true, strictFileInteractability: false, timeouts: {implicit: 0, pageLoad: 300000, script: 30000}, unhandledPromptBehavior: dismiss and notify}
Session ID: 60416cb6bc714d71944a003d64f4fa10
*** Element info: {Using=xpath, value=(//div[@class=&amp;apos;overview&amp;apos;]//p)[1]}">
      <![CDATA[org.openqa.selenium.TimeoutException: timeout
  (Session info: chrome=76.0.3809.132)
Build info: version: '4.0.0-alpha-2', revision: 'f148142cf8', time: '2019-07-01T20:55:26'
System info: host: 'ATMECSINLT-002', ip: '55.55.54.68', os.name: 'Windows 10', os.arch: 'amd64', os.version: '10.0', java.version: '1.8.0_221'
Driver info: org.openqa.selenium.chrome.ChromeDriver
Capabilities {acceptInsecureCerts: false, browserName: chrome, browserVersion: 76.0.3809.132, chrome: {chromedriverVersion: 76.0.3809.126 (d80a294506b4..., userDataDir: C:\Users\KISHOR~1.JOS\AppDa...}, goog:chromeOptions: {debuggerAddress: localhost:55285}, javascriptEnabled: true, networkConnectionEnabled: false, pageLoadStrategy: normal, platform: XP, platformName: XP, proxy: Proxy(), setWindowRect: true, strictFileInteractability: false, timeouts: {implicit: 0, pageLoad: 300000, script: 30000}, unhandledPromptBehavior: dismiss and notify}
Session ID: 60416cb6bc714d71944a003d64f4fa10
*** Element info: {Using=xpath, value=(//div[@class='overview']//p)[1]}
at org.openqa.selenium.remote.codec.w3c.W3CHttpResponseCodec.createException(W3CHttpResponseCodec.java:191)
at org.openqa.selenium.remote.codec.w3c.W3CHttpResponseCodec.decode(W3CHttpResponseCodec.java:125)
at org.openqa.selenium.remote.codec.w3c.W3CHttpResponseCodec.decode(W3CHttpResponseCodec.java:52)
at org.openqa.selenium.remote.HttpCommandExecutor.execute(HttpCommandExecutor.java:161)
at org.openqa.selenium.remote.service.DriverCommandExecutor.execute(DriverCommandExecutor.java:83)
at org.openqa.selenium.remote.RemoteWebDriver.execute(RemoteWebDriver.java:576)
at org.openqa.selenium.remote.RemoteWebDriver.findElement(RemoteWebDriver.java:327)
at org.openqa.selenium.remote.RemoteWebDriver.findElementByXPath(RemoteWebDriver.java:445)
at org.openqa.selenium.By$ByXPath.findElement(By.java:353)
at org.openqa.selenium.remote.RemoteWebDriver.findElement(RemoteWebDriver.java:319)
at com.yatra.helper.HelperClass.getAtributeValue(HelperClass.java:24)
at com.yatra.testscript.BookingDetails.paymentPage(BookingDetails.java:124)
at java.util.ArrayList.forEach(Unknown Source)
... Removed 31 stack frames]]>
    </failure>
  </testcase> <!-- paymentPage -->
  <testcase name="validateHotelNameAtBookingPage" time="0.008" classname="com.yatra.testscript.ValidationScript"/>
  <testcase name="validateHotelNameAtPaymentPage" time="0.004" classname="com.yatra.testscript.ValidationScript"/>
  <testcase name="validateLocationAtBookingPage" time="0.003" classname="com.yatra.testscript.ValidationScript"/>
  <testcase name="validateLocationAtPaymentPage" time="0.002" classname="com.yatra.testscript.ValidationScript">
    <failure type="java.lang.NullPointerException">
      <![CDATA[java.lang.NullPointerException
at com.yatra.base.Validation.validateHotelPlace(Validation.java:62)
at com.yatra.testscript.ValidationScript.validateLocationAtPaymentPage(ValidationScript.java:29)
at java.util.ArrayList.forEach(Unknown Source)
... Removed 27 stack frames]]>
    </failure>
  </testcase> <!-- validateLocationAtPaymentPage -->
  <testcase name="validateSelectedHotelRating" time="0.002" classname="com.yatra.testscript.ValidationScript"/>
  <testcase name="validateHotelCostAtPayment" time="0.008" classname="com.yatra.testscript.ValidationScript">
    <failure type="java.lang.NullPointerException">
      <![CDATA[java.lang.NullPointerException
at com.yatra.base.Validation.convertToInteger(Validation.java:31)
at com.yatra.base.Validation.validateCost(Validation.java:18)
at com.yatra.testscript.ValidationScript.validateHotelCostAtPayment(ValidationScript.java:38)
at java.util.ArrayList.forEach(Unknown Source)
... Removed 27 stack frames]]>
    </failure>
  </testcase> <!-- validateHotelCostAtPayment -->
  <testcase name="validateHotelCostAtUPI" time="0.003" classname="com.yatra.testscript.ValidationScript">
    <failure type="java.lang.NullPointerException">
      <![CDATA[java.lang.NullPointerException
at com.yatra.base.Validation.convertToInteger(Validation.java:31)
at com.yatra.base.Validation.validateCost(Validation.java:18)
at com.yatra.testscript.ValidationScript.validateHotelCostAtUPI(ValidationScript.java:42)
at java.util.ArrayList.forEach(Unknown Source)
... Removed 27 stack frames]]>
    </failure>
  </testcase> <!-- validateHotelCostAtUPI -->
</testsuite> <!-- Test2 -->
