<?xml version="1.0" encoding="UTF-8"?>
<!-- Generated by org.testng.reporters.JUnitXMLReporter -->
<testsuite hostname="ATMECSINLT-002" ignored="0" name="Test" tests="15" failures="2" timestamp="2019-09-16T13:09:37 IST" time="49.874" errors="0">
  <testcase name="bookingInforamtion" time="19.265" classname="com.yatra.testscript.HomePage"/>
  <testcase name="sortedByRating" time="0.729" classname="com.yatra.testscript.HomePage">
    <failure type="org.openqa.selenium.ElementNotInteractableException" message="Element &amp;lt;a class=&amp;quot;pr sort-link icon-pos-right-center size-12 ytfi-up&amp;quot;&amp;gt; could not be scrolled into view
Build info: version: &amp;apos;4.0.0-alpha-2&amp;apos;, revision: &amp;apos;f148142cf8&amp;apos;, time: &amp;apos;2019-07-01T20:55:26&amp;apos;
System info: host: &amp;apos;ATMECSINLT-002&amp;apos;, ip: &amp;apos;55.55.52.108&amp;apos;, os.name: &amp;apos;Windows 10&amp;apos;, os.arch: &amp;apos;amd64&amp;apos;, os.version: &amp;apos;10.0&amp;apos;, java.version: &amp;apos;1.8.0_221&amp;apos;
Driver info: org.openqa.selenium.firefox.FirefoxDriver
Capabilities {acceptInsecureCerts: true, browserName: firefox, browserVersion: 68.0.2, javascriptEnabled: true, moz:accessibilityChecks: false, moz:buildID: 20190813150448, moz:geckodriverVersion: 0.24.0, moz:headless: false, moz:processID: 12180, moz:profile: C:\Users\kishor.joshi\AppDa..., moz:shutdownTimeout: 60000, moz:useNonSpecCompliantPointerOrigin: false, moz:webdriverClick: true, pageLoadStrategy: normal, platform: WINDOWS, platformName: WINDOWS, platformVersion: 10.0, rotatable: false, setWindowRect: true, strictFileInteractability: false, timeouts: {implicit: 0, pageLoad: 300000, script: 30000}, unhandledPromptBehavior: dismiss and notify}
Session ID: d386f458-06b6-4c67-a6d2-ab81aae742ad">
      <![CDATA[org.openqa.selenium.ElementNotInteractableException: Element <a class="pr sort-link icon-pos-right-center size-12 ytfi-up"> could not be scrolled into view
Build info: version: '4.0.0-alpha-2', revision: 'f148142cf8', time: '2019-07-01T20:55:26'
System info: host: 'ATMECSINLT-002', ip: '55.55.52.108', os.name: 'Windows 10', os.arch: 'amd64', os.version: '10.0', java.version: '1.8.0_221'
Driver info: org.openqa.selenium.firefox.FirefoxDriver
Capabilities {acceptInsecureCerts: true, browserName: firefox, browserVersion: 68.0.2, javascriptEnabled: true, moz:accessibilityChecks: false, moz:buildID: 20190813150448, moz:geckodriverVersion: 0.24.0, moz:headless: false, moz:processID: 12180, moz:profile: C:\Users\kishor.joshi\AppDa..., moz:shutdownTimeout: 60000, moz:useNonSpecCompliantPointerOrigin: false, moz:webdriverClick: true, pageLoadStrategy: normal, platform: WINDOWS, platformName: WINDOWS, platformVersion: 10.0, rotatable: false, setWindowRect: true, strictFileInteractability: false, timeouts: {implicit: 0, pageLoad: 300000, script: 30000}, unhandledPromptBehavior: dismiss and notify}
Session ID: d386f458-06b6-4c67-a6d2-ab81aae742ad
at org.openqa.selenium.remote.codec.w3c.W3CHttpResponseCodec.createException(W3CHttpResponseCodec.java:191)
at org.openqa.selenium.remote.codec.w3c.W3CHttpResponseCodec.decode(W3CHttpResponseCodec.java:125)
at org.openqa.selenium.remote.codec.w3c.W3CHttpResponseCodec.decode(W3CHttpResponseCodec.java:52)
at org.openqa.selenium.remote.HttpCommandExecutor.execute(HttpCommandExecutor.java:161)
at org.openqa.selenium.remote.service.DriverCommandExecutor.execute(DriverCommandExecutor.java:83)
at org.openqa.selenium.remote.RemoteWebDriver.execute(RemoteWebDriver.java:576)
at org.openqa.selenium.remote.RemoteWebElement.execute(RemoteWebElement.java:308)
at org.openqa.selenium.remote.RemoteWebElement.click(RemoteWebElement.java:83)
at com.yatra.base.BookingDetails.HotelRating(BookingDetails.java:100)
at com.yatra.testscript.HomePage.sortedByRating(HomePage.java:28)
at java.util.ArrayList.forEach(Unknown Source)
... Removed 36 stack frames]]>
    </failure>
  </testcase> <!-- sortedByRating -->
  <testcase name="hotelSelection" time="6.955" classname="com.yatra.testscript.HomePage"/>
  <testcase name="switchToHotelTab" time="0.06" classname="com.yatra.testscript.HomePage"/>
  <testcase name="selectRooms" time="5.57" classname="com.yatra.testscript.RoomBooking"/>
  <testcase name="userInformation" time="4.856" classname="com.yatra.testscript.RoomBooking"/>
  <testcase name="paymentPageInformation" time="4.662" classname="com.yatra.testscript.PaymentPage"/>
  <testcase name="validateName" time="0.004" classname="com.yatra.testscript.validateHotelDetails"/>
  <testcase name="validateCost" time="0.004" classname="com.yatra.testscript.validateHotelDetails"/>
  <testcase name="validatePlace" time="0.0" classname="com.yatra.testscript.validateHotelDetails"/>
  <testcase name="validateRating" time="0.0" classname="com.yatra.testscript.validateHotelDetails"/>
  <testcase name="validateSortByRatings" time="0.004" classname="com.yatra.testscript.ValidateSorting">
    <failure type="java.lang.NullPointerException">
      <![CDATA[java.lang.NullPointerException
at java.util.Collections.sort(Unknown Source)
at com.yatra.utility.Validation.validateRating(Validation.java:79)
at com.yatra.base.ValidationScript.validateHotelRatings(ValidationScript.java:37)
at com.yatra.testscript.ValidateSorting.validateSortByRatings(ValidateSorting.java:9)
at java.util.ArrayList.forEach(Unknown Source)
... Removed 32 stack frames]]>
    </failure>
  </testcase> <!-- validateSortByRatings -->
  <testcase name="validateCheckIn" time="0.0" classname="com.yatra.testscript.ValidateSorting"/>
  <testcase name="validateTotalRooms" time="0.004" classname="com.yatra.testscript.ValidateSorting"/>
  <testcase name="validateTotalMembers" time="0.0" classname="com.yatra.testscript.ValidateSorting"/>
</testsuite> <!-- Test -->
