<?xml version="1.0" encoding="UTF-8"?>
<!-- Generated by org.testng.reporters.JUnitXMLReporter -->
<testsuite hostname="ATMECSINLT-002" ignored="0" name="Default test" tests="6" failures="0" timestamp="2019-09-12T08:50:31 IST" time="0.15" errors="0">
  <testcase name="@BeforeTest setBrowser" time="-1.568258431318E9" classname="com.yatra.base.BaseClass">
    <failure type="org.testng.TestNGException" message="
Parameter &amp;apos;selecteddriver&amp;apos; is required by BeforeTest on method setBrowser but has not been marked @Optional or defined
in C:\Users\kishor.joshi\AppData\Local\Temp\testng-eclipse-778866053\testng-customsuite.xml">
      <![CDATA[org.testng.TestNGException: 
Parameter 'selecteddriver' is required by BeforeTest on method setBrowser but has not been marked @Optional or defined
in C:\Users\kishor.joshi\AppData\Local\Temp\testng-eclipse-778866053\testng-customsuite.xml
at org.testng.internal.Parameters.createParams(Parameters.java:289)
at org.testng.internal.Parameters.createParametersForMethod(Parameters.java:377)
at org.testng.internal.Parameters.createParameters(Parameters.java:721)
at org.testng.internal.Parameters.createConfigurationParameters(Parameters.java:164)
at org.testng.internal.ConfigInvoker.invokeConfigurations(ConfigInvoker.java:275)
at org.testng.TestRunner.invokeTestConfigurations(TestRunner.java:623)
at org.testng.TestRunner.beforeRun(TestRunner.java:613)
at org.testng.TestRunner.run(TestRunner.java:584)
at org.testng.SuiteRunner.runTest(SuiteRunner.java:402)
at org.testng.SuiteRunner.runSequentially(SuiteRunner.java:396)
at org.testng.SuiteRunner.privateRun(SuiteRunner.java:355)
at org.testng.SuiteRunner.run(SuiteRunner.java:304)
at org.testng.SuiteRunnerWorker.runSuite(SuiteRunnerWorker.java:53)
at org.testng.SuiteRunnerWorker.run(SuiteRunnerWorker.java:96)
at org.testng.TestNG.runSuitesSequentially(TestNG.java:1180)
at org.testng.TestNG.runSuitesLocally(TestNG.java:1102)
at org.testng.TestNG.runSuites(TestNG.java:1032)
at org.testng.TestNG.run(TestNG.java:1000)
at org.testng.remote.AbstractRemoteTestNG.run(AbstractRemoteTestNG.java:115)
at org.testng.remote.RemoteTestNG.initAndRun(RemoteTestNG.java:251)
at org.testng.remote.RemoteTestNG.main(RemoteTestNG.java:77)
]]>
    </failure>
  </testcase> <!-- @BeforeTest setBrowser -->
  <testcase name="HomePagebookingDetails" time="0.0" classname="com.yatra.testscript.BookingDetails">
    <skipped/>
  </testcase> <!-- HomePagebookingDetails -->
  <testcase name="selectHotel" time="0.0" classname="com.yatra.testscript.BookingDetails">
    <skipped/>
  </testcase> <!-- selectHotel -->
  <testcase name="switchToNextTab" time="0.0" classname="com.yatra.testscript.BookingDetails">
    <skipped/>
  </testcase> <!-- switchToNextTab -->
  <testcase name="selectAndBookRoom" time="0.0" classname="com.yatra.testscript.BookingDetails">
    <skipped/>
  </testcase> <!-- selectAndBookRoom -->
  <testcase name="userDetails" time="0.0" classname="com.yatra.testscript.BookingDetails">
    <skipped/>
  </testcase> <!-- userDetails -->
  <testcase name="paymentPage" time="0.0" classname="com.yatra.testscript.BookingDetails">
    <skipped/>
  </testcase> <!-- paymentPage -->
</testsuite> <!-- Default test -->
